<?xml version="1.0" encoding="UTF-8"?>
<!-- Generated by org.testng.reporters.JUnitXMLReporter -->
<testsuite ignored="0" hostname="DESKTOP-VOHK0TT" failures="0" tests="6" name="Default test" time="14.855" errors="0" timestamp="2024-07-29T09:48:10 IST">
  <testcase classname="api.test.DataDrivenTests" name="testPostUser" time="5.685"/>
  <testcase classname="api.test.DataDrivenTests" name="testPostUser" time="1.186"/>
  <testcase classname="api.test.DataDrivenTests" name="testPostUser" time="1.162"/>
  <testcase classname="api.test.DataDrivenTests" name="testDeleteUserByName" time="1.187"/>
  <testcase classname="api.test.DataDrivenTests" name="testDeleteUserByName" time="1.196"/>
  <testcase classname="api.test.DataDrivenTests" name="testDeleteUserByName" time="1.124"/>
</testsuite> <!-- Default test -->
