<?xml version="1.0" encoding="UTF-8"?>
<testng-results ignored="0" total="4" passed="4" failed="0" skipped="0">
  <reporter-output>
  </reporter-output>
  <suite started-at="2024-07-30T10:37:54 IST" name="PetSuite" finished-at="2024-07-30T10:38:05 IST" duration-ms="10965">
    <groups>
    </groups>
    <test started-at="2024-07-30T10:37:54 IST" name="PetTests" finished-at="2024-07-30T10:38:05 IST" duration-ms="10965">
      <class name="api.test.UserTests2">
        <test-method is-config="true" signature="setupData()[pri:0, instance:api.test.UserTests2@28261e8e]" started-at="2024-07-30T10:37:55 IST" name="setupData" finished-at="2024-07-30T10:37:56 IST" duration-ms="1463" status="PASS">
          <reporter-output>
          </reporter-output>
        </test-method> <!-- setupData -->
        <test-method signature="testPostUser()[pri:1, instance:api.test.UserTests2@28261e8e]" started-at="2024-07-30T10:37:56 IST" name="testPostUser" finished-at="2024-07-30T10:38:01 IST" duration-ms="4169" status="PASS">
          <reporter-output>
          </reporter-output>
        </test-method> <!-- testPostUser -->
        <test-method signature="testGetUserByName()[pri:2, instance:api.test.UserTests2@28261e8e]" started-at="2024-07-30T10:38:01 IST" name="testGetUserByName" finished-at="2024-07-30T10:38:02 IST" duration-ms="1220" status="PASS">
          <reporter-output>
          </reporter-output>
        </test-method> <!-- testGetUserByName -->
        <test-method signature="testUpdateUserByName()[pri:3, instance:api.test.UserTests2@28261e8e]" started-at="2024-07-30T10:38:02 IST" name="testUpdateUserByName" finished-at="2024-07-30T10:38:04 IST" duration-ms="2378" status="PASS">
          <reporter-output>
          </reporter-output>
        </test-method> <!-- testUpdateUserByName -->
        <test-method signature="deleteUser()[pri:4, instance:api.test.UserTests2@28261e8e]" started-at="2024-07-30T10:38:04 IST" name="deleteUser" finished-at="2024-07-30T10:38:05 IST" duration-ms="1150" status="PASS">
          <reporter-output>
          </reporter-output>
        </test-method> <!-- deleteUser -->
      </class> <!-- api.test.UserTests2 -->
    </test> <!-- PetTests -->
  </suite> <!-- PetSuite -->
</testng-results>
