<?xml version="1.0" encoding="UTF-8"?>
<!-- Generated by org.testng.reporters.JUnitXMLReporter -->
<testsuite ignored="0" hostname="DESKTOP-VOHK0TT" failures="0" tests="4" name="PetTests" time="10.965" errors="0" timestamp="2024-07-30T10:38:06 IST">
  <testcase classname="api.test.UserTests2" name="testPostUser" time="4.169"/>
  <testcase classname="api.test.UserTests2" name="testGetUserByName" time="1.22"/>
  <testcase classname="api.test.UserTests2" name="testUpdateUserByName" time="2.378"/>
  <testcase classname="api.test.UserTests2" name="deleteUser" time="1.15"/>
</testsuite> <!-- PetTests -->
